Mon, 03 Apr 2023 18:29:03 GMT | INFO | logs.log | Proxy server listening on port 8000 | 
Mon, 03 Apr 2023 18:30:12 GMT | INFO | logs.log | Proxy server listening on port 8000 | 
Mon, 03 Apr 2023 18:31:33 GMT | INFO | logs.log | Proxy server listening on port 8000 | 
Mon, 03 Apr 2023 18:32:21 GMT | INFO | logs.log | Proxy server listening on port 8000 | 
Mon, 03 Apr 2023 18:34:36 GMT | INFO | logs.log | Proxy server listening on port 8000 | 
Mon, 03 Apr 2023 18:35:26 GMT | INFO | logs.log | Proxy server listening on port 8000 | 
Mon, 03 Apr 2023 18:35:39 GMT | INFO | logs.log | Proxy server listening on port 8000 | 
Mon, 03 Apr 2023 18:36:48 GMT | INFO | logs.log | Proxy server listening on port 8000 | 
Mon, 03 Apr 2023 18:37:17 GMT | INFO | logs.log | Proxy server listening on port 8000 | 
Mon, 03 Apr 2023 18:37:31 GMT | INFO | logs.log | Proxy server listening on port 8000 | 
Mon, 03 Apr 2023 18:37:54 GMT | INFO | logs.log | Proxy server listening on port 8000 | 
Mon, 03 Apr 2023 18:38:14 GMT | INFO | logs.log | Proxy server listening on port 8000 | 
Mon, 03 Apr 2023 18:38:29 GMT | INFO | logs.log | Proxy server listening on port 8000 | 
Mon, 03 Apr 2023 18:38:32 GMT | INFO | logs.log | Proxy server listening on port 8000 | 
Mon, 03 Apr 2023 18:39:38 GMT | INFO | logs.log | Proxy server listening on port 8000 | 
Mon, 03 Apr 2023 18:39:55 GMT | INFO | logs.log | Proxy server listening on port 8000 | 
Mon, 03 Apr 2023 18:40:22 GMT | INFO | logs.log | Proxy server listening on port 8000 | 
Mon, 03 Apr 2023 18:40:58 GMT | INFO | logs.log | Proxy server listening on port 8000 | 
Mon, 03 Apr 2023 18:41:07 GMT | INFO | logs.log | Proxy server listening on port 8000 | 
Mon, 03 Apr 2023 18:41:46 GMT | INFO | logs.log | Proxy server listening on port 8000 | 
Mon, 03 Apr 2023 18:41:53 GMT | INFO | logs.log | Proxy server listening on port 8000 | 
Mon, 03 Apr 2023 18:42:24 GMT | INFO | logs.log | Proxy server listening on port 8000 | 
Mon, 03 Apr 2023 18:43:48 GMT | INFO | logs.log | Proxy server listening on port 8000 | 
Mon, 03 Apr 2023 18:44:04 GMT | INFO | logs.log | Proxy server listening on port 8000 | 
Mon, 03 Apr 2023 18:44:39 GMT | INFO | logs.log | Proxy server listening on port 8000 | 
Mon, 03 Apr 2023 18:45:35 GMT | INFO | logs.log | Proxy server listening on port 8000 | 
Mon, 03 Apr 2023 18:45:56 GMT | INFO | logs.log | Proxy server listening on port 8000 | 
Mon, 03 Apr 2023 18:46:07 GMT | INFO | logs.log | Proxy server listening on port 8000 | 
Mon, 03 Apr 2023 18:46:11 GMT | INFO | logs.log | Proxy server listening on port 8000 | 
Mon, 03 Apr 2023 18:47:01 GMT | INFO | logs.log | Proxy server listening on port 8000 | 
Mon, 03 Apr 2023 18:48:27 GMT | INFO | logs.log | Proxy server listening on port 8000 | 
Mon, 03 Apr 2023 18:48:34 GMT | INFO | logs.log | Proxy server listening on port 8000 | 
Mon, 03 Apr 2023 18:49:00 GMT | INFO | logs.log | Proxy server listening on port 8000 | 
Mon, 03 Apr 2023 18:49:41 GMT | INFO | logs.log | Proxy server listening on port 8000 | 
Mon, 03 Apr 2023 18:49:43 GMT | INFO | logs.log | Proxy server listening on port 8000 | 
Mon, 03 Apr 2023 18:51:46 GMT | INFO | logs.log | Proxy server listening on port 8000 | 
Mon, 03 Apr 2023 18:51:50 GMT | INFO | logs.log | Proxy server listening on port 8000 | 
Mon, 03 Apr 2023 18:51:52 GMT | WARN | logs.log | Unknown route requested: /graphasdfdf | data:{"requestId":"435b3fcb-9b6e-4030-9011-758299ee605a"} | 
Mon, 03 Apr 2023 18:52:35 GMT | INFO | logs.log | Proxy server listening on port 8000 | 
Mon, 03 Apr 2023 18:52:41 GMT | INFO | logs.log | Proxy server listening on port 8000 | 
Mon, 03 Apr 2023 18:52:51 GMT | INFO | logs.log | Proxy server listening on port 8000 | 
Mon, 03 Apr 2023 18:53:58 GMT | ERROR | logs.log | Error proxying request to http://localhost:3003/api: Error: connect ECONNREFUSED 127.0.0.1:3003 | data:{"requestId":"fdebc68c-1a2d-4011-bf08-1652a04efef0"} | 
Mon, 03 Apr 2023 18:55:13 GMT | INFO | logs.log | Proxy server listening on port 8000 | 
Mon, 03 Apr 2023 18:55:42 GMT | INFO | logs.log | Proxy server listening on port 8000 | 
Mon, 03 Apr 2023 19:01:59 GMT | INFO | logs.log | Proxy server listening on port 8000 | 
Mon, 03 Apr 2023 19:02:30 GMT | INFO | logs.log | Proxy server listening on port 8000 | 
Mon, 03 Apr 2023 19:02:45 GMT | INFO | logs.log | Proxy server listening on port 8000 | 
Mon, 03 Apr 2023 19:04:33 GMT | INFO | logs.log | Proxy server listening on port 8000 | 
Mon, 03 Apr 2023 19:05:15 GMT | INFO | logs.log | Proxy server listening on port 8000 | 
Mon, 03 Apr 2023 19:05:20 GMT | INFO | logs.log | Proxy server listening on port 8000 | 
Mon, 03 Apr 2023 19:08:15 GMT | INFO | logs.log | Proxy server listening on port 8000 | 
Mon, 03 Apr 2023 19:09:06 GMT | INFO | logs.log | Proxy server listening on port 8000 | 
Mon, 03 Apr 2023 19:09:09 GMT | WARN | logs.log | Unknown route requested: /asdfasdf%20/asdfasdf | data:{"requestId":"ceeb10c3-ebf4-4160-9070-8611b8c68220"} | 
Mon, 03 Apr 2023 19:10:36 GMT | INFO | logs.log | Proxy server listening on port 8000 | 
Mon, 03 Apr 2023 19:10:38 GMT | WARN | logs.log | Unknown route requested: /asdfasdf%20/asdfasdf | data:{} | 
Mon, 03 Apr 2023 19:10:48 GMT | INFO | logs.log | Proxy server listening on port 8000 | 
Mon, 03 Apr 2023 19:11:14 GMT | INFO | logs.log | Proxy server listening on port 8000 | 
Mon, 03 Apr 2023 19:11:18 GMT | WARN | logs.log | Unknown route requested: /asdfasdf%20/asdfasdf | data:{"requestId":"ebaff337-b9c5-49c5-bc98-e4a57b922e17"} | 
Mon, 03 Apr 2023 19:12:10 GMT | INFO | logs.log | Proxy server listening on port 8000 | 
Mon, 03 Apr 2023 19:12:13 GMT | WARN | logs.log | Unknown route requested: /asdfasdf%20/asdfasdf | data:{"requestId":"edb4468e-c1bb-4889-841a-f02914bfd45f"} | 
Mon, 03 Apr 2023 19:12:34 GMT | INFO | logs.log | Proxy server listening on port 8000 | 
Mon, 03 Apr 2023 19:14:03 GMT | INFO | logs.log | Proxy server listening on port 8000 | 
Mon, 03 Apr 2023 19:14:19 GMT | INFO | logs.log | Proxy server listening on port 8000 | 
Mon, 03 Apr 2023 19:15:31 GMT | INFO | logs.log | Proxy server listening on port 8000 | 
Mon, 03 Apr 2023 19:16:57 GMT | INFO | logs.log | Proxy server listening on port 8000 | 
Mon, 03 Apr 2023 19:17:24 GMT | INFO | logs.log | Proxy server listening on port 8000 | 
Mon, 03 Apr 2023 19:18:54 GMT | INFO | logs.log | Proxy server listening on port 8000 | 
Mon, 03 Apr 2023 19:20:30 GMT | INFO | logs.log | Proxy server listening on port 8000 | 
Mon, 03 Apr 2023 19:21:27 GMT | INFO | logs.log | Proxy server listening on port 8000 | 
Mon, 03 Apr 2023 19:21:37 GMT | INFO | logs.log | Proxy server listening on port 8000 | 
Mon, 03 Apr 2023 19:22:22 GMT | INFO | logs.log | Proxy server listening on port 8000 | 
Mon, 03 Apr 2023 19:22:48 GMT | INFO | logs.log | Proxy server listening on port 8000 | 
Mon, 03 Apr 2023 19:22:57 GMT | INFO | logs.log | Proxy server listening on port 8000 | 
Mon, 03 Apr 2023 19:24:03 GMT | INFO | logs.log | Proxy server listening on port 8000 | 
Mon, 03 Apr 2023 19:24:45 GMT | INFO | logs.log | Proxy server listening on port 8000 | 
Mon, 03 Apr 2023 19:25:12 GMT | INFO | logs.log | Proxy server listening on port 8000 | 
Mon, 03 Apr 2023 19:25:50 GMT | INFO | logs.log | Proxy server listening on port 8000 | 
Mon, 03 Apr 2023 19:26:09 GMT | INFO | logs.log | Proxy server listening on port 8000 | 
Mon, 03 Apr 2023 19:27:05 GMT | INFO | logs.log | Proxy server listening on port 8000 | 
Mon, 03 Apr 2023 19:30:52 GMT | INFO | logs.log | Proxy server listening on port 8000 | 
Mon, 03 Apr 2023 19:31:00 GMT | INFO | logs.log | Proxy server listening on port 8000 | 
Mon, 03 Apr 2023 19:31:33 GMT | INFO | logs.log | Proxy server listening on port 8000 | 
Mon, 03 Apr 2023 19:31:51 GMT | INFO | logs.log | Proxy server listening on port 8000 | 
Mon, 03 Apr 2023 19:32:45 GMT | INFO | logs.log | Proxy server listening on port 8000 | 
Mon, 03 Apr 2023 19:36:25 GMT | INFO | logs.log | Proxy server listening on port 8000 | 
Mon, 03 Apr 2023 19:39:11 GMT | INFO | logs.log | Proxy server listening on port 8000 | 
Mon, 03 Apr 2023 19:39:20 GMT | INFO | logs.log | Proxy server listening on port 8000 | 
Mon, 03 Apr 2023 19:39:30 GMT | INFO | logs.log | Proxy server listening on port 8000 | 
Mon, 03 Apr 2023 19:39:40 GMT | INFO | logs.log | Proxy server listening on port 8000 | 
Mon, 03 Apr 2023 19:40:14 GMT | INFO | logs.log | Proxy server listening on port 8000 | 
Mon, 03 Apr 2023 19:40:23 GMT | INFO | logs.log | Proxy server listening on port 8000 | 
Mon, 03 Apr 2023 19:40:36 GMT | INFO | logs.log | Proxy server listening on port 8000 | 
Mon, 03 Apr 2023 19:40:48 GMT | INFO | logs.log | Proxy server listening on port 8000 | 
Mon, 03 Apr 2023 19:40:56 GMT | INFO | logs.log | Proxy server listening on port 8000 | 
Mon, 03 Apr 2023 19:44:18 GMT | INFO | logs.log | Proxy server listening on port 8000 | 
Mon, 03 Apr 2023 19:45:21 GMT | INFO | logs.log | Proxy server listening on port 8000 | 
Mon, 03 Apr 2023 19:46:19 GMT | INFO | logs.log | Proxy server listening on port 8000 | 
Mon, 03 Apr 2023 19:46:36 GMT | INFO | logs.log | Proxy server listening on port 8000 | 
Mon, 03 Apr 2023 19:46:58 GMT | INFO | logs.log | Proxy server listening on port 8000 | 
Mon, 03 Apr 2023 19:47:12 GMT | INFO | logs.log | Proxy server listening on port 8000 | 
Mon, 03 Apr 2023 19:47:34 GMT | INFO | logs.log | Proxy server listening on port 8000 | 
Mon, 03 Apr 2023 19:49:24 GMT | INFO | logs.log | Proxy server listening on port 8000 | 
Mon, 03 Apr 2023 19:49:36 GMT | INFO | logs.log | Proxy server listening on port 8000 | 
Mon, 03 Apr 2023 19:50:03 GMT | INFO | logs.log | Proxy server listening on port 8000 | 
Mon, 03 Apr 2023 20:18:04 GMT | INFO | logs.log | Proxy server listening on port 8000 | 
